1691569285490	geckodriver	INFO	Listening on 127.0.0.1:56360
1691569286006	mozrunner::runner	INFO	Running command: MOZ_CRASHREPORTER="1" MOZ_CRASHREPORTER_NO_REPORT="1" MOZ_CRASHREPORTER_SHUTDOWN="1" MOZ_NO_REMOTE="1" "/App ... s" "localhost" "-foreground" "-no-remote" "-profile" "/var/folders/2k/1zjkt82s4j12s0hx2bfmmsl80000gn/T/rust_mozprofilebmnhuT"
console.warn: services.settings: Ignoring preference override of remote settings server
console.warn: services.settings: Allow by setting MOZ_REMOTE_SETTINGS_DEVTOOLS=1 in the environment
1691569286375	Marionette	INFO	Marionette enabled
console.error: "Warning: unrecognized command line flag" "-remote-allow-hosts"
1691569286600	Marionette	INFO	Listening on port 56367
WebDriver BiDi listening on ws://127.0.0.1:56361
Read port: 56367
1691569286803	RemoteAgent	WARN	TLS certificate errors will be ignored for this session
UNSUPPORTED (log once): POSSIBLE ISSUE: unit 1 GLD_TEXTURE_INDEX_2D is unloadable and bound to sampler type (Float) - using zero texture because texture unloadable
DevTools listening on ws://127.0.0.1:56361/devtools/browser/2ad6276d-26bd-4079-b288-c8dee9a2acee
console.warn: LoginRecipes: "Falling back to a synchronous message for: https://poshmark.com."
console.warn: LoginRecipes: "Falling back to a synchronous message for: https://poshmark.com."
1691569316638	geckodriver	INFO	Listening on 127.0.0.1:56501
1691569317148	mozrunner::runner	INFO	Running command: MOZ_CRASHREPORTER="1" MOZ_CRASHREPORTER_NO_REPORT="1" MOZ_CRASHREPORTER_SHUTDOWN="1" MOZ_NO_REMOTE="1" "/App ... s" "localhost" "-foreground" "-no-remote" "-profile" "/var/folders/2k/1zjkt82s4j12s0hx2bfmmsl80000gn/T/rust_mozprofileiVOuVY"
console.warn: services.settings: Ignoring preference override of remote settings server
console.warn: services.settings: Allow by setting MOZ_REMOTE_SETTINGS_DEVTOOLS=1 in the environment
1691569317443	Marionette	INFO	Marionette enabled
console.error: "Warning: unrecognized command line flag" "-remote-allow-hosts"
1691569317624	Marionette	INFO	Listening on port 56507
WebDriver BiDi listening on ws://127.0.0.1:56502
Read port: 56507
1691569317746	RemoteAgent	WARN	TLS certificate errors will be ignored for this session
UNSUPPORTED (log once): POSSIBLE ISSUE: unit 1 GLD_TEXTURE_INDEX_2D is unloadable and bound to sampler type (Float) - using zero texture because texture unloadable
DevTools listening on ws://127.0.0.1:56502/devtools/browser/d32ae793-78fb-4dae-bc0e-11e32fe158d2
console.warn: LoginRecipes: "Falling back to a synchronous message for: https://poshmark.com."
console.warn: LoginRecipes: "Falling back to a synchronous message for: https://poshmark.com."
1691569484541	geckodriver	INFO	Listening on 127.0.0.1:56650
1691569485062	mozrunner::runner	INFO	Running command: MOZ_CRASHREPORTER="1" MOZ_CRASHREPORTER_NO_REPORT="1" MOZ_CRASHREPORTER_SHUTDOWN="1" MOZ_NO_REMOTE="1" "/App ... s" "localhost" "-foreground" "-no-remote" "-profile" "/var/folders/2k/1zjkt82s4j12s0hx2bfmmsl80000gn/T/rust_mozprofilerSsACY"
console.warn: services.settings: Ignoring preference override of remote settings server
console.warn: services.settings: Allow by setting MOZ_REMOTE_SETTINGS_DEVTOOLS=1 in the environment
1691569485338	Marionette	INFO	Marionette enabled
console.error: "Warning: unrecognized command line flag" "-remote-allow-hosts"
1691569485434	Marionette	INFO	Listening on port 56656
Read port: 56656
WebDriver BiDi listening on ws://127.0.0.1:56651
1691569485527	RemoteAgent	WARN	TLS certificate errors will be ignored for this session
UNSUPPORTED (log once): POSSIBLE ISSUE: unit 1 GLD_TEXTURE_INDEX_2D is unloadable and bound to sampler type (Float) - using zero texture because texture unloadable
DevTools listening on ws://127.0.0.1:56651/devtools/browser/3f36d658-ef8e-44c3-937b-64c6c9af439e
console.warn: LoginRecipes: "Falling back to a synchronous message for: https://poshmark.com."
console.warn: LoginRecipes: "Falling back to a synchronous message for: https://poshmark.com."
1691569849750	geckodriver	INFO	Listening on 127.0.0.1:56803
1691569850264	mozrunner::runner	INFO	Running command: MOZ_CRASHREPORTER="1" MOZ_CRASHREPORTER_NO_REPORT="1" MOZ_CRASHREPORTER_SHUTDOWN="1" MOZ_NO_REMOTE="1" "/App ... s" "localhost" "-foreground" "-no-remote" "-profile" "/var/folders/2k/1zjkt82s4j12s0hx2bfmmsl80000gn/T/rust_mozprofileHr9tbx"
console.warn: services.settings: Ignoring preference override of remote settings server
console.warn: services.settings: Allow by setting MOZ_REMOTE_SETTINGS_DEVTOOLS=1 in the environment
1691569850507	Marionette	INFO	Marionette enabled
console.error: "Warning: unrecognized command line flag" "-remote-allow-hosts"
1691569850603	Marionette	INFO	Listening on port 56809
WebDriver BiDi listening on ws://127.0.0.1:56804
Read port: 56809
1691569850742	RemoteAgent	WARN	TLS certificate errors will be ignored for this session
UNSUPPORTED (log once): POSSIBLE ISSUE: unit 1 GLD_TEXTURE_INDEX_2D is unloadable and bound to sampler type (Float) - using zero texture because texture unloadable
DevTools listening on ws://127.0.0.1:56804/devtools/browser/8291deb2-2506-44d6-af82-bddb4526b029
console.warn: LoginRecipes: "Falling back to a synchronous message for: https://poshmark.com."
console.warn: LoginRecipes: "Falling back to a synchronous message for: https://poshmark.com."
1691570048452	geckodriver	INFO	Listening on 127.0.0.1:56959
1691570048965	mozrunner::runner	INFO	Running command: MOZ_CRASHREPORTER="1" MOZ_CRASHREPORTER_NO_REPORT="1" MOZ_CRASHREPORTER_SHUTDOWN="1" MOZ_NO_REMOTE="1" "/App ... s" "localhost" "-foreground" "-no-remote" "-profile" "/var/folders/2k/1zjkt82s4j12s0hx2bfmmsl80000gn/T/rust_mozprofileq9ns6N"
console.warn: services.settings: Ignoring preference override of remote settings server
console.warn: services.settings: Allow by setting MOZ_REMOTE_SETTINGS_DEVTOOLS=1 in the environment
1691570049225	Marionette	INFO	Marionette enabled
console.error: "Warning: unrecognized command line flag" "-remote-allow-hosts"
1691570049400	Marionette	INFO	Listening on port 56965
WebDriver BiDi listening on ws://127.0.0.1:56960
Read port: 56965
1691570049508	RemoteAgent	WARN	TLS certificate errors will be ignored for this session
UNSUPPORTED (log once): POSSIBLE ISSUE: unit 1 GLD_TEXTURE_INDEX_2D is unloadable and bound to sampler type (Float) - using zero texture because texture unloadable
DevTools listening on ws://127.0.0.1:56960/devtools/browser/b91c83f5-ad1c-4b68-ab74-b992acf0b1b9
1691570058258	geckodriver	INFO	Listening on 127.0.0.1:57006
1691570058768	mozrunner::runner	INFO	Running command: MOZ_CRASHREPORTER="1" MOZ_CRASHREPORTER_NO_REPORT="1" MOZ_CRASHREPORTER_SHUTDOWN="1" MOZ_NO_REMOTE="1" "/App ... s" "localhost" "-foreground" "-no-remote" "-profile" "/var/folders/2k/1zjkt82s4j12s0hx2bfmmsl80000gn/T/rust_mozprofiledBDUnZ"
console.warn: services.settings: Ignoring preference override of remote settings server
console.warn: services.settings: Allow by setting MOZ_REMOTE_SETTINGS_DEVTOOLS=1 in the environment
1691570059032	Marionette	INFO	Marionette enabled
console.error: "Warning: unrecognized command line flag" "-remote-allow-hosts"
1691570059211	Marionette	INFO	Listening on port 57012
WebDriver BiDi listening on ws://127.0.0.1:57007
Read port: 57012
1691570059326	RemoteAgent	WARN	TLS certificate errors will be ignored for this session
UNSUPPORTED (log once): POSSIBLE ISSUE: unit 1 GLD_TEXTURE_INDEX_2D is unloadable and bound to sampler type (Float) - using zero texture because texture unloadable
DevTools listening on ws://127.0.0.1:57007/devtools/browser/423a1563-241c-4d4e-bb8b-885169552347
console.warn: LoginRecipes: "Falling back to a synchronous message for: https://poshmark.com."
console.warn: LoginRecipes: "Falling back to a synchronous message for: https://poshmark.com."
1691570350608	geckodriver	INFO	Listening on 127.0.0.1:57167
1691570351127	mozrunner::runner	INFO	Running command: MOZ_CRASHREPORTER="1" MOZ_CRASHREPORTER_NO_REPORT="1" MOZ_CRASHREPORTER_SHUTDOWN="1" MOZ_NO_REMOTE="1" "/App ... s" "localhost" "-foreground" "-no-remote" "-profile" "/var/folders/2k/1zjkt82s4j12s0hx2bfmmsl80000gn/T/rust_mozprofilex6SBwv"
console.warn: services.settings: Ignoring preference override of remote settings server
console.warn: services.settings: Allow by setting MOZ_REMOTE_SETTINGS_DEVTOOLS=1 in the environment
1691570351387	Marionette	INFO	Marionette enabled
console.error: "Warning: unrecognized command line flag" "-remote-allow-hosts"
1691570351479	Marionette	INFO	Listening on port 57173
Read port: 57173
WebDriver BiDi listening on ws://127.0.0.1:57168
1691570351568	RemoteAgent	WARN	TLS certificate errors will be ignored for this session
UNSUPPORTED (log once): POSSIBLE ISSUE: unit 1 GLD_TEXTURE_INDEX_2D is unloadable and bound to sampler type (Float) - using zero texture because texture unloadable
DevTools listening on ws://127.0.0.1:57168/devtools/browser/ba5723ee-a6bc-4061-a91c-c07e95e052f9
console.warn: LoginRecipes: "Falling back to a synchronous message for: https://poshmark.com."
console.warn: LoginRecipes: "Falling back to a synchronous message for: https://poshmark.com."
1691570466904	geckodriver	INFO	Listening on 127.0.0.1:57325
1691570467417	mozrunner::runner	INFO	Running command: MOZ_CRASHREPORTER="1" MOZ_CRASHREPORTER_NO_REPORT="1" MOZ_CRASHREPORTER_SHUTDOWN="1" MOZ_NO_REMOTE="1" "/App ... s" "localhost" "-foreground" "-no-remote" "-profile" "/var/folders/2k/1zjkt82s4j12s0hx2bfmmsl80000gn/T/rust_mozprofileSbR5JP"
console.warn: services.settings: Ignoring preference override of remote settings server
console.warn: services.settings: Allow by setting MOZ_REMOTE_SETTINGS_DEVTOOLS=1 in the environment
1691570467685	Marionette	INFO	Marionette enabled
console.error: "Warning: unrecognized command line flag" "-remote-allow-hosts"
1691570467777	Marionette	INFO	Listening on port 57331
Read port: 57331
WebDriver BiDi listening on ws://127.0.0.1:57326
1691570467866	RemoteAgent	WARN	TLS certificate errors will be ignored for this session
UNSUPPORTED (log once): POSSIBLE ISSUE: unit 1 GLD_TEXTURE_INDEX_2D is unloadable and bound to sampler type (Float) - using zero texture because texture unloadable
DevTools listening on ws://127.0.0.1:57326/devtools/browser/f0f824b1-d857-4755-8202-1b5e00d9f345
console.warn: LoginRecipes: "Falling back to a synchronous message for: https://poshmark.com."
console.warn: LoginRecipes: "Falling back to a synchronous message for: https://poshmark.com."
1691570502029	geckodriver	INFO	Listening on 127.0.0.1:57461
1691570502546	mozrunner::runner	INFO	Running command: MOZ_CRASHREPORTER="1" MOZ_CRASHREPORTER_NO_REPORT="1" MOZ_CRASHREPORTER_SHUTDOWN="1" MOZ_NO_REMOTE="1" "/App ... s" "localhost" "-foreground" "-no-remote" "-profile" "/var/folders/2k/1zjkt82s4j12s0hx2bfmmsl80000gn/T/rust_mozprofilef6NhO8"
console.warn: services.settings: Ignoring preference override of remote settings server
console.warn: services.settings: Allow by setting MOZ_REMOTE_SETTINGS_DEVTOOLS=1 in the environment
1691570502806	Marionette	INFO	Marionette enabled
console.error: "Warning: unrecognized command line flag" "-remote-allow-hosts"
1691570502972	Marionette	INFO	Listening on port 57467
WebDriver BiDi listening on ws://127.0.0.1:57462
Read port: 57467
1691570503129	RemoteAgent	WARN	TLS certificate errors will be ignored for this session
UNSUPPORTED (log once): POSSIBLE ISSUE: unit 1 GLD_TEXTURE_INDEX_2D is unloadable and bound to sampler type (Float) - using zero texture because texture unloadable
DevTools listening on ws://127.0.0.1:57462/devtools/browser/615d618b-3345-4d39-80a4-821510c93903
console.warn: LoginRecipes: "Falling back to a synchronous message for: https://poshmark.com."
console.warn: LoginRecipes: "Falling back to a synchronous message for: https://poshmark.com."
console.warn: LoginRecipes: "Falling back to a synchronous message for: https://poshmark.com."
console.warn: LoginRecipes: "Falling back to a synchronous message for: https://poshmark.com."
1691570699272	geckodriver	INFO	Listening on 127.0.0.1:57626
1691570699787	mozrunner::runner	INFO	Running command: MOZ_CRASHREPORTER="1" MOZ_CRASHREPORTER_NO_REPORT="1" MOZ_CRASHREPORTER_SHUTDOWN="1" MOZ_NO_REMOTE="1" "/App ... s" "localhost" "-foreground" "-no-remote" "-profile" "/var/folders/2k/1zjkt82s4j12s0hx2bfmmsl80000gn/T/rust_mozprofileHAXNRn"
console.warn: services.settings: Ignoring preference override of remote settings server
console.warn: services.settings: Allow by setting MOZ_REMOTE_SETTINGS_DEVTOOLS=1 in the environment
1691570700060	Marionette	INFO	Marionette enabled
console.error: "Warning: unrecognized command line flag" "-remote-allow-hosts"
1691570700154	Marionette	INFO	Listening on port 57632
Read port: 57632
WebDriver BiDi listening on ws://127.0.0.1:57627
1691570700249	RemoteAgent	WARN	TLS certificate errors will be ignored for this session
UNSUPPORTED (log once): POSSIBLE ISSUE: unit 1 GLD_TEXTURE_INDEX_2D is unloadable and bound to sampler type (Float) - using zero texture because texture unloadable
DevTools listening on ws://127.0.0.1:57627/devtools/browser/11d32899-6cd7-4f58-9a7c-2bc8af174235
console.warn: LoginRecipes: "Falling back to a synchronous message for: https://poshmark.com."
console.warn: LoginRecipes: "Falling back to a synchronous message for: https://poshmark.com."
console.warn: LoginRecipes: "Falling back to a synchronous message for: https://poshmark.com."
console.warn: LoginRecipes: "Falling back to a synchronous message for: https://poshmark.com."
1691571648551	geckodriver	INFO	Listening on 127.0.0.1:57831
1691571649072	mozrunner::runner	INFO	Running command: MOZ_CRASHREPORTER="1" MOZ_CRASHREPORTER_NO_REPORT="1" MOZ_CRASHREPORTER_SHUTDOWN="1" MOZ_NO_REMOTE="1" "/App ... s" "localhost" "-foreground" "-no-remote" "-profile" "/var/folders/2k/1zjkt82s4j12s0hx2bfmmsl80000gn/T/rust_mozprofileIVOihq"
console.warn: services.settings: Ignoring preference override of remote settings server
console.warn: services.settings: Allow by setting MOZ_REMOTE_SETTINGS_DEVTOOLS=1 in the environment
1691571649339	Marionette	INFO	Marionette enabled
console.error: "Warning: unrecognized command line flag" "-remote-allow-hosts"
1691571649429	Marionette	INFO	Listening on port 57837
Read port: 57837
WebDriver BiDi listening on ws://127.0.0.1:57832
1691571649520	RemoteAgent	WARN	TLS certificate errors will be ignored for this session
UNSUPPORTED (log once): POSSIBLE ISSUE: unit 1 GLD_TEXTURE_INDEX_2D is unloadable and bound to sampler type (Float) - using zero texture because texture unloadable
DevTools listening on ws://127.0.0.1:57832/devtools/browser/30ef8a1a-177b-41cb-939c-dd10afda3afe
console.warn: LoginRecipes: "Falling back to a synchronous message for: https://poshmark.com."
console.warn: LoginRecipes: "Falling back to a synchronous message for: https://poshmark.com."
console.warn: LoginRecipes: "Falling back to a synchronous message for: https://poshmark.com."
console.warn: LoginRecipes: "Falling back to a synchronous message for: https://poshmark.com."
console.error: "Unable to find target with innerWindowId:6442450945"
console.warn: "Listener for event 'frame' did not return a promise."
JavaScript error: , line 0: NotFoundError: No such JSWindowActor 'DevToolsFrame'
console.warn: "Listener for event 'frame' did not return a promise."
console.error: "Unable to find target with innerWindowId:6442450955"
console.error: "Unable to find target with innerWindowId:6442450955"
console.error: "Unable to find target with innerWindowId:6442450956"
console.error: "Unable to find target with innerWindowId:6442450956"
console.warn: "Listener for event 'frame' did not return a promise."
console.error: (new TypeError("watcher.browserElement.browsingContext is null", "resource://devtools/server/actors/watcher/target-helpers/frame-helper.js", 193))
1691572537774	geckodriver	INFO	Listening on 127.0.0.1:58139
1691572538290	mozrunner::runner	INFO	Running command: MOZ_CRASHREPORTER="1" MOZ_CRASHREPORTER_NO_REPORT="1" MOZ_CRASHREPORTER_SHUTDOWN="1" MOZ_NO_REMOTE="1" "/App ... s" "localhost" "-foreground" "-no-remote" "-profile" "/var/folders/2k/1zjkt82s4j12s0hx2bfmmsl80000gn/T/rust_mozprofileDGjswE"
console.warn: services.settings: Ignoring preference override of remote settings server
console.warn: services.settings: Allow by setting MOZ_REMOTE_SETTINGS_DEVTOOLS=1 in the environment
1691572538563	Marionette	INFO	Marionette enabled
console.error: "Warning: unrecognized command line flag" "-remote-allow-hosts"
1691572538661	Marionette	INFO	Listening on port 58145
Read port: 58145
WebDriver BiDi listening on ws://127.0.0.1:58140
1691572538748	RemoteAgent	WARN	TLS certificate errors will be ignored for this session
UNSUPPORTED (log once): POSSIBLE ISSUE: unit 1 GLD_TEXTURE_INDEX_2D is unloadable and bound to sampler type (Float) - using zero texture because texture unloadable
DevTools listening on ws://127.0.0.1:58140/devtools/browser/7c31f76d-6939-4c8e-8d81-a1bed322016a
console.warn: LoginRecipes: "Falling back to a synchronous message for: https://poshmark.com."
console.warn: LoginRecipes: "Falling back to a synchronous message for: https://poshmark.com."
console.warn: LoginRecipes: "Falling back to a synchronous message for: https://poshmark.com."
console.warn: LoginRecipes: "Falling back to a synchronous message for: https://poshmark.com."
console.error: "Unable to find target with innerWindowId:6442450945"
console.error: "Unable to find target with innerWindowId:6442450945"
console.error: "Unable to find target with innerWindowId:6442450945"
JavaScript warning: https://d2gjrq7hs8he14.cloudfront.net/webpack4/app.4a4f5db96ea49ce56d19.js, line 2: Script terminated by timeout at:
_u/<@https://d2gjrq7hs8he14.cloudfront.net/webpack4/app.4a4f5db96ea49ce56d19.js:2:788520
EventListener.handleEvent*Gu/<@https://d2gjrq7hs8he14.cloudfront.net/webpack4/app.4a4f5db96ea49ce56d19.js:2:790932
Gu@https://d2gjrq7hs8he14.cloudfront.net/webpack4/app.4a4f5db96ea49ce56d19.js:2:790902
Wu@https://d2gjrq7hs8he14.cloudfront.net/webpack4/app.4a4f5db96ea49ce56d19.js:2:790750
Hp@https://d2gjrq7hs8he14.cloudfront.net/webpack4/app.4a4f5db96ea49ce56d19.js:2:827651
Wp/a<@https://d2gjrq7hs8he14.cloudfront.net/webpack4/app.4a4f5db96ea49ce56d19.js:2:828111
Wp@https://d2gjrq7hs8he14.cloudfront.net/webpack4/app.4a4f5db96ea49ce56d19.js:2:828423
Qp/i<@https://d2gjrq7hs8he14.cloudfront.net/webpack4/app.4a4f5db96ea49ce56d19.js:2:831130
Qp@https://d2gjrq7hs8he14.cloudfront.net/webpack4/app.4a4f5db96ea49ce56d19.js:2:831221
tf@https://d2gjrq7hs8he14.cloudfront.net/webpack4/app.4a4f5db96ea49ce56d19.js:2:834480
pf<@https://d2gjrq7hs8he14.cloudfront.net/webpack4/app.4a4f5db96ea49ce56d19.js:2:840810
g@https://d2gjrq7hs8he14.cloudfront.net/webpack4/app.4a4f5db96ea49ce56d19.js:2:837550
p.init<@https://d2gjrq7hs8he14.cloudfront.net/webpack4/app.4a4f5db96ea49ce56d19.js:2:837492
yu@https://d2gjrq7hs8he14.cloudfront.net/webpack4/app.4a4f5db96ea49ce56d19.js:2:788584
_u/<@https://d2gjrq7hs8he14.cloudfront.net/webpack4/app.4a4f5db96ea49ce56d19.js:2:788530
@https://d2gjrq7hs8he14.cloudfront.net/webpack4/app.4a4f5db96ea49ce56d19.js:2:842373
t@https://d2gjrq7hs8he14.cloudfront.net/webpack4/runtime~app.f637b2b32d00f129d441.js:1:573
c@https://d2gjrq7hs8he14.cloudfront.net/webpack4/runtime~app.f637b2b32d00f129d441.js:1:430
a@https://d2gjrq7hs8he14.cloudfront.net/webpack4/runtime~app.f637b2b32d00f129d441.js:1:293
@https://d2gjrq7hs8he14.cloudfront.net/webpack4/app.4a4f5db96ea49ce56d19.js:2:47

JavaScript error: , line 0: NotFoundError: No such JSWindowActor 'DevToolsFrame'
JavaScript warning: https://d2gjrq7hs8he14.cloudfront.net/webpack4/app.4a4f5db96ea49ce56d19.js, line 2: Script terminated by timeout at:
_u/<@https://d2gjrq7hs8he14.cloudfront.net/webpack4/app.4a4f5db96ea49ce56d19.js:2:788520

console.warn: LoginRecipes: "Falling back to a synchronous message for: https://poshmark.com."
1691572989503	geckodriver	INFO	Listening on 127.0.0.1:58379
1691572990032	mozrunner::runner	INFO	Running command: MOZ_CRASHREPORTER="1" MOZ_CRASHREPORTER_NO_REPORT="1" MOZ_CRASHREPORTER_SHUTDOWN="1" MOZ_NO_REMOTE="1" "/App ... s" "localhost" "-foreground" "-no-remote" "-profile" "/var/folders/2k/1zjkt82s4j12s0hx2bfmmsl80000gn/T/rust_mozprofilee4CVoD"
console.warn: services.settings: Ignoring preference override of remote settings server
console.warn: services.settings: Allow by setting MOZ_REMOTE_SETTINGS_DEVTOOLS=1 in the environment
1691572990323	Marionette	INFO	Marionette enabled
console.error: "Warning: unrecognized command line flag" "-remote-allow-hosts"
1691572990498	Marionette	INFO	Listening on port 58387
WebDriver BiDi listening on ws://127.0.0.1:58380
Read port: 58387
1691572990614	RemoteAgent	WARN	TLS certificate errors will be ignored for this session
UNSUPPORTED (log once): POSSIBLE ISSUE: unit 1 GLD_TEXTURE_INDEX_2D is unloadable and bound to sampler type (Float) - using zero texture because texture unloadable
DevTools listening on ws://127.0.0.1:58380/devtools/browser/fd863ac4-0351-426c-8e11-813960252d8a
console.warn: LoginRecipes: "Falling back to a synchronous message for: https://poshmark.com."
console.warn: LoginRecipes: "Falling back to a synchronous message for: https://poshmark.com."
console.warn: LoginRecipes: "Falling back to a synchronous message for: https://poshmark.com."
console.warn: LoginRecipes: "Falling back to a synchronous message for: https://poshmark.com."
